--------------------------------- Version Log ----------------------------------
Version                                 Path
System Generator                        /home/tools/Xilinx/14.7/ISE_DS/ISE/sysgen
Matlab 8.1.0.604 (R2013a)               /home/tools/MATLAB/R2013a
ISE                                     /home/tools/Xilinx/14.7/ISE_DS/ISE
--------------------------------------------------------------------------------
Summary of Errors:
Error 0001: Undriven input port
     Block: 'radarDFT/Count up once/Rising Edge/Logical'
Error 0002: Undriven input port
     Block: 'radarDFT/Count up once/Rising Edge/Register'
--------------------------------------------------------------------------------

Error 0001:

Reported by:
  'radarDFT/Count up once/Rising Edge/Logical'

Details:
The input ports on this block must be driven by other Xilinx blocks
--------------------------------------------------------------------------------

Error 0001:

Reported by:
  'radarDFT/Count up once/Rising Edge/Register'

Details:
The input ports on this block must be driven by other Xilinx blocks
--------------------------------------------------------------------------------
